#
# There is insufficient memory for the Java Runtime Environment to continue.
# Cannot create GC thread. Out of system resources.
# Possible reasons:
#   The system is out of physical RAM or swap space
#   The process is running with CompressedOops enabled, and the Java Heap may be blocking the growth of the native heap
# Possible solutions:
#   Reduce memory load on the system
#   Increase physical memory or swap space
#   Check if swap backing store is full
#   Decrease Java heap size (-Xmx/-Xms)
#   Decrease number of Java threads
#   Decrease Java thread stack sizes (-Xss)
#   Set larger code cache with -XX:ReservedCodeCacheSize=
# This output file may be truncated or incomplete.
#
#  Out of Memory Error (gcTaskThread.cpp:48), pid=185447, tid=0x00007cef0b3ff6c0
#
# JRE version:  (8.0_432) (build )
# Java VM: OpenJDK 64-Bit Server VM (25.432-bga mixed mode linux-amd64 compressed oops)
# Failed to write core dump. Core dumps have been disabled. To enable core dumping, try "ulimit -c unlimited" before starting Java again
#

---------------  T H R E A D  ---------------

Current thread (0x00007cef04010000):  JavaThread "Unknown thread" [_thread_in_vm, id=185448, stack(0x00007cef0b300000,0x00007cef0b400000)]

Stack: [0x00007cef0b300000,0x00007cef0b400000],  sp=0x00007cef0b3fe790,  free space=1017k
Native frames: (J=compiled Java code, j=interpreted, Vv=VM code, C=native code)
V  [libjvm.so+0xb57657]
V  [libjvm.so+0x4fc2a4]
V  [libjvm.so+0x5da46f]
V  [libjvm.so+0x5d9b85]
V  [libjvm.so+0x9bb057]
V  [libjvm.so+0xb19130]
V  [libjvm.so+0xb193e6]
V  [libjvm.so+0x653d7e]
V  [libjvm.so+0xaf949a]
V  [libjvm.so+0x72c020]  JNI_CreateJavaVM+0x60
C  [libjli.so+0x445a]
C  [libjli.so+0x8961]
C  [libc.so.6+0x9ca94]
C  [libc.so.6+0x129c3c]


---------------  P R O C E S S  ---------------

Java Threads: ( => current thread )

Other Threads:

=>0x00007cef04010000 (exited) JavaThread "Unknown thread" [_thread_in_vm, id=185448, stack(0x00007cef0b300000,0x00007cef0b400000)]

VM state:not at safepoint (not fully initialized)

VM Mutex/Monitor currently owned by a thread: None

heap address: 0x00000000f8000000, size: 128 MB, Compressed Oops mode: Non-zero based:0x00000000f7fff000
Narrow klass base: 0x0000000000000000, Narrow klass shift: 0

GC Heap History (0 events):
No events

Deoptimization events (0 events):
No events

Classes redefined (0 events):
No events

Internal exceptions (0 events):
No events

Events (0 events):
No events


Dynamic libraries:
f8000000-fbf00000 rw-p 00000000 00:00 0 
fbf00000-fd580000 ---p 00000000 00:00 0 
fd580000-ff480000 rw-p 00000000 00:00 0 
ff480000-100000000 ---p 00000000 00:00 0 
60b10f36b000-60b10f36c000 r--p 00000000 08:02 1850360                    /usr/lib/jvm/java-8-openjdk-amd64/jre/bin/java
60b10f36c000-60b10f36d000 r-xp 00001000 08:02 1850360                    /usr/lib/jvm/java-8-openjdk-amd64/jre/bin/java
60b10f36d000-60b10f36e000 r--p 00002000 08:02 1850360                    /usr/lib/jvm/java-8-openjdk-amd64/jre/bin/java
60b10f36e000-60b10f36f000 r--p 00002000 08:02 1850360                    /usr/lib/jvm/java-8-openjdk-amd64/jre/bin/java
60b10f36f000-60b10f370000 rw-p 00003000 08:02 1850360                    /usr/lib/jvm/java-8-openjdk-amd64/jre/bin/java
60b110a4d000-60b110a8f000 rw-p 00000000 00:00 0                          [heap]
7ceef5000000-7ceef5270000 rwxp 00000000 00:00 0 
7ceef5270000-7cef04000000 ---p 00000000 00:00 0 
7cef04000000-7cef04053000 rw-p 00000000 00:00 0 
7cef04053000-7cef08000000 ---p 00000000 00:00 0 
7cef0a7fc000-7cef0a7fd000 ---p 00000000 00:00 0 
7cef0a7fd000-7cef0a8fd000 rw-p 00000000 00:00 0 
7cef0a8fd000-7cef0a8fe000 ---p 00000000 00:00 0 
7cef0a8fe000-7cef0a9fe000 rw-p 00000000 00:00 0 
7cef0a9fe000-7cef0a9ff000 ---p 00000000 00:00 0 
7cef0a9ff000-7cef0aaff000 rw-p 00000000 00:00 0 
7cef0aaff000-7cef0ab00000 ---p 00000000 00:00 0 
7cef0ab00000-7cef0ac00000 rw-p 00000000 00:00 0 
7cef0ac00000-7cef0ac0a000 rw-p 00000000 00:00 0 
7cef0ac0a000-7cef0afc0000 ---p 00000000 00:00 0 
7cef0b000000-7cef0b09d000 r--p 00000000 08:02 1836271                    /usr/lib/x86_64-linux-gnu/libstdc++.so.6.0.33
7cef0b09d000-7cef0b1e5000 r-xp 0009d000 08:02 1836271                    /usr/lib/x86_64-linux-gnu/libstdc++.so.6.0.33
7cef0b1e5000-7cef0b26c000 r--p 001e5000 08:02 1836271                    /usr/lib/x86_64-linux-gnu/libstdc++.so.6.0.33
7cef0b26c000-7cef0b277000 r--p 0026b000 08:02 1836271                    /usr/lib/x86_64-linux-gnu/libstdc++.so.6.0.33
7cef0b277000-7cef0b27a000 rw-p 00276000 08:02 1836271                    /usr/lib/x86_64-linux-gnu/libstdc++.so.6.0.33
7cef0b27a000-7cef0b27e000 rw-p 00000000 00:00 0 
7cef0b2ff000-7cef0b300000 ---p 00000000 00:00 0 
7cef0b300000-7cef0b303000 ---p 00000000 00:00 0 
7cef0b303000-7cef0b400000 rw-p 00000000 00:00 0 
7cef0b400000-7cef0b5f6000 r--p 00000000 08:02 1850409                    /usr/lib/jvm/java-8-openjdk-amd64/jre/lib/amd64/server/libjvm.so
7cef0b5f6000-7cef0bf7f000 r-xp 001f6000 08:02 1850409                    /usr/lib/jvm/java-8-openjdk-amd64/jre/lib/amd64/server/libjvm.so
7cef0bf7f000-7cef0c12b000 r--p 00b7f000 08:02 1850409                    /usr/lib/jvm/java-8-openjdk-amd64/jre/lib/amd64/server/libjvm.so
7cef0c12b000-7cef0c1c1000 r--p 00d2a000 08:02 1850409                    /usr/lib/jvm/java-8-openjdk-amd64/jre/lib/amd64/server/libjvm.so
7cef0c1c1000-7cef0c1ea000 rw-p 00dc0000 08:02 1850409                    /usr/lib/jvm/java-8-openjdk-amd64/jre/lib/amd64/server/libjvm.so
7cef0c1ea000-7cef0c21d000 rw-p 00000000 00:00 0 
7cef0c268000-7cef0c288000 rw-p 00000000 00:00 0 
7cef0c288000-7cef0c293000 ---p 00000000 00:00 0 
7cef0c293000-7cef0c2b3000 rw-p 00000000 00:00 0 
7cef0c2b3000-7cef0c2bd000 ---p 00000000 00:00 0 
7cef0c2bd000-7cef0c2ce000 rw-p 00000000 00:00 0 
7cef0c2ce000-7cef0c2d3000 ---p 00000000 00:00 0 
7cef0c2d3000-7cef0c2d4000 rw-p 00000000 00:00 0 
7cef0c2d4000-7cef0c2e1000 r--p 00000000 08:02 1850387                    /usr/lib/jvm/java-8-openjdk-amd64/jre/lib/amd64/libjava.so
7cef0c2e1000-7cef0c2fa000 r-xp 0000d000 08:02 1850387                    /usr/lib/jvm/java-8-openjdk-amd64/jre/lib/amd64/libjava.so
7cef0c2fa000-7cef0c301000 r--p 00026000 08:02 1850387                    /usr/lib/jvm/java-8-openjdk-amd64/jre/lib/amd64/libjava.so
7cef0c301000-7cef0c302000 r--p 0002c000 08:02 1850387                    /usr/lib/jvm/java-8-openjdk-amd64/jre/lib/amd64/libjava.so
7cef0c302000-7cef0c304000 rw-p 0002d000 08:02 1850387                    /usr/lib/jvm/java-8-openjdk-amd64/jre/lib/amd64/libjava.so
7cef0c304000-7cef0c309000 r--p 00000000 08:02 1850405                    /usr/lib/jvm/java-8-openjdk-amd64/jre/lib/amd64/libverify.so
7cef0c309000-7cef0c312000 r-xp 00005000 08:02 1850405                    /usr/lib/jvm/java-8-openjdk-amd64/jre/lib/amd64/libverify.so
7cef0c312000-7cef0c314000 r--p 0000e000 08:02 1850405                    /usr/lib/jvm/java-8-openjdk-amd64/jre/lib/amd64/libverify.so
7cef0c314000-7cef0c316000 r--p 0000f000 08:02 1850405                    /usr/lib/jvm/java-8-openjdk-amd64/jre/lib/amd64/libverify.so
7cef0c316000-7cef0c317000 rw-p 00011000 08:02 1850405                    /usr/lib/jvm/java-8-openjdk-amd64/jre/lib/amd64/libverify.so
7cef0c317000-7cef0c327000 r--p 00000000 08:02 1846708                    /usr/lib/x86_64-linux-gnu/libm.so.6
7cef0c327000-7cef0c3a6000 r-xp 00010000 08:02 1846708                    /usr/lib/x86_64-linux-gnu/libm.so.6
7cef0c3a6000-7cef0c3fe000 r--p 0008f000 08:02 1846708                    /usr/lib/x86_64-linux-gnu/libm.so.6
7cef0c3fe000-7cef0c3ff000 r--p 000e7000 08:02 1846708                    /usr/lib/x86_64-linux-gnu/libm.so.6
7cef0c3ff000-7cef0c400000 rw-p 000e8000 08:02 1846708                    /usr/lib/x86_64-linux-gnu/libm.so.6
7cef0c400000-7cef0c428000 r--p 00000000 08:02 1846403                    /usr/lib/x86_64-linux-gnu/libc.so.6
7cef0c428000-7cef0c5b0000 r-xp 00028000 08:02 1846403                    /usr/lib/x86_64-linux-gnu/libc.so.6
7cef0c5b0000-7cef0c5ff000 r--p 001b0000 08:02 1846403                    /usr/lib/x86_64-linux-gnu/libc.so.6
7cef0c5ff000-7cef0c603000 r--p 001fe000 08:02 1846403                    /usr/lib/x86_64-linux-gnu/libc.so.6
7cef0c603000-7cef0c605000 rw-p 00202000 08:02 1846403                    /usr/lib/x86_64-linux-gnu/libc.so.6
7cef0c605000-7cef0c612000 rw-p 00000000 00:00 0 
7cef0c615000-7cef0c618000 r--p 00000000 08:02 1850406                    /usr/lib/jvm/java-8-openjdk-amd64/jre/lib/amd64/libzip.so
7cef0c618000-7cef0c61d000 r-xp 00003000 08:02 1850406                    /usr/lib/jvm/java-8-openjdk-amd64/jre/lib/amd64/libzip.so
7cef0c61d000-7cef0c61f000 r--p 00008000 08:02 1850406                    /usr/lib/jvm/java-8-openjdk-amd64/jre/lib/amd64/libzip.so
7cef0c61f000-7cef0c620000 r--p 00009000 08:02 1850406                    /usr/lib/jvm/java-8-openjdk-amd64/jre/lib/amd64/libzip.so
7cef0c620000-7cef0c621000 rw-p 0000a000 08:02 1850406                    /usr/lib/jvm/java-8-openjdk-amd64/jre/lib/amd64/libzip.so
7cef0c621000-7cef0c622000 r--p 00000000 08:02 1846876                    /usr/lib/x86_64-linux-gnu/librt.so.1
7cef0c622000-7cef0c623000 r-xp 00001000 08:02 1846876                    /usr/lib/x86_64-linux-gnu/librt.so.1
7cef0c623000-7cef0c624000 r--p 00002000 08:02 1846876                    /usr/lib/x86_64-linux-gnu/librt.so.1
7cef0c624000-7cef0c625000 r--p 00002000 08:02 1846876                    /usr/lib/x86_64-linux-gnu/librt.so.1
7cef0c625000-7cef0c626000 rw-p 00003000 08:02 1846876                    /usr/lib/x86_64-linux-gnu/librt.so.1
7cef0c626000-7cef0c62a000 r--p 00000000 08:02 1844623                    /usr/lib/x86_64-linux-gnu/libgcc_s.so.1
7cef0c62a000-7cef0c64e000 r-xp 00004000 08:02 1844623                    /usr/lib/x86_64-linux-gnu/libgcc_s.so.1
7cef0c64e000-7cef0c652000 r--p 00028000 08:02 1844623                    /usr/lib/x86_64-linux-gnu/libgcc_s.so.1
7cef0c652000-7cef0c653000 r--p 0002b000 08:02 1844623                    /usr/lib/x86_64-linux-gnu/libgcc_s.so.1
7cef0c653000-7cef0c654000 rw-p 0002c000 08:02 1844623                    /usr/lib/x86_64-linux-gnu/libgcc_s.so.1
7cef0c654000-7cef0c656000 rw-p 00000000 00:00 0 
7cef0c656000-7cef0c659000 r--p 00000000 08:02 1850373                    /usr/lib/jvm/java-8-openjdk-amd64/jre/lib/amd64/jli/libjli.so
7cef0c659000-7cef0c662000 r-xp 00003000 08:02 1850373                    /usr/lib/jvm/java-8-openjdk-amd64/jre/lib/amd64/jli/libjli.so
7cef0c662000-7cef0c665000 r--p 0000c000 08:02 1850373                    /usr/lib/jvm/java-8-openjdk-amd64/jre/lib/amd64/jli/libjli.so
7cef0c665000-7cef0c666000 r--p 0000e000 08:02 1850373                    /usr/lib/jvm/java-8-openjdk-amd64/jre/lib/amd64/jli/libjli.so
7cef0c666000-7cef0c667000 rw-p 0000f000 08:02 1850373                    /usr/lib/jvm/java-8-openjdk-amd64/jre/lib/amd64/jli/libjli.so
7cef0c667000-7cef0c669000 r--p 00000000 08:02 1847060                    /usr/lib/x86_64-linux-gnu/libz.so.1.3
7cef0c669000-7cef0c67b000 r-xp 00002000 08:02 1847060                    /usr/lib/x86_64-linux-gnu/libz.so.1.3
7cef0c67b000-7cef0c681000 r--p 00014000 08:02 1847060                    /usr/lib/x86_64-linux-gnu/libz.so.1.3
7cef0c681000-7cef0c682000 r--p 0001a000 08:02 1847060                    /usr/lib/x86_64-linux-gnu/libz.so.1.3
7cef0c682000-7cef0c683000 rw-p 0001b000 08:02 1847060                    /usr/lib/x86_64-linux-gnu/libz.so.1.3
7cef0c687000-7cef0c68f000 rw-s 00000000 08:02 655858                     /tmp/hsperfdata_nhtrung/185447
7cef0c68f000-7cef0c690000 rw-p 00000000 00:00 0 
7cef0c690000-7cef0c691000 r--p 00000000 00:00 0 
7cef0c691000-7cef0c693000 rw-p 00000000 00:00 0 
7cef0c693000-7cef0c694000 r--p 00000000 08:02 1846221                    /usr/lib/x86_64-linux-gnu/ld-linux-x86-64.so.2
7cef0c694000-7cef0c6bf000 r-xp 00001000 08:02 1846221                    /usr/lib/x86_64-linux-gnu/ld-linux-x86-64.so.2
7cef0c6bf000-7cef0c6c9000 r--p 0002c000 08:02 1846221                    /usr/lib/x86_64-linux-gnu/ld-linux-x86-64.so.2
7cef0c6c9000-7cef0c6cb000 r--p 00036000 08:02 1846221                    /usr/lib/x86_64-linux-gnu/ld-linux-x86-64.so.2
7cef0c6cb000-7cef0c6cd000 rw-p 00038000 08:02 1846221                    /usr/lib/x86_64-linux-gnu/ld-linux-x86-64.so.2
7ffca9b52000-7ffca9b74000 rw-p 00000000 00:00 0                          [stack]
7ffca9ba9000-7ffca9bad000 r--p 00000000 00:00 0                          [vvar]
7ffca9bad000-7ffca9baf000 r-xp 00000000 00:00 0                          [vdso]
ffffffffff600000-ffffffffff601000 --xp 00000000 00:00 0                  [vsyscall]

VM Arguments:
jvm_args: -Xmx128m 
java_command: org.apache.spark.launcher.Main org.apache.spark.deploy.SparkSubmit --conf spark.app.name=FeatureExtraction pyspark-shell
java_class_path (initial): /usr/local/spark/jars/flatbuffers-java-1.12.0.jar:/usr/local/spark/jars/bonecp-0.8.0.RELEASE.jar:/usr/local/spark/jars/spark-mesos_2.12-3.3.4.jar:/usr/local/spark/jars/janino-3.0.16.jar:/usr/local/spark/jars/kubernetes-model-metrics-5.12.2.jar:/usr/local/spark/jars/spark-network-common_2.12-3.3.4.jar:/usr/local/spark/jars/jackson-module-scala_2.12-2.13.4.jar:/usr/local/spark/jars/okio-1.14.0.jar:/usr/local/spark/jars/scala-compiler-2.12.15.jar:/usr/local/spark/jars/orc-mapreduce-1.7.10.jar:/usr/local/spark/jars/kubernetes-model-node-5.12.2.jar:/usr/local/spark/jars/spark-hive_2.12-3.3.4.jar:/usr/local/spark/jars/log4j-1.2-api-2.17.2.jar:/usr/local/spark/jars/compress-lzf-1.1.jar:/usr/local/spark/jars/osgi-resource-locator-1.0.3.jar:/usr/local/spark/jars/HikariCP-2.5.1.jar:/usr/local/spark/jars/netty-transport-native-kqueue-4.1.74.Final-osx-aarch_64.jar:/usr/local/spark/jars/jersey-hk2-2.36.jar:/usr/local/spark/jars/kubernetes-model-scheduling-5.12.2.jar:/usr/local/spark/jars/commons-lang3-3.12.0.jar:/usr/local/spark/jars/py4j-0.10.9.5.jar:/usr/local/spark/jars/commons-collections-3.2.2.jar:/usr/local/spark/jars/log4j-slf4j-impl-2.17.2.jar:/usr/local/spark/jars/netty-tcnative-classes-2.0.48.Final.jar:/usr/local/spark/jars/spark-tags_2.12-3.3.4.jar:/usr/local/spark/jars/jackson-databind-2.13.4.2.jar:/usr/local/spark/jars/arrow-format-7.0.0.jar:/usr/local/spark/jars/kubernetes-model-apiextensions-5.12.2.jar:/usr/local/spark/jars/opencsv-2.3.jar:/usr/local/spark/jars/kubernetes-model-storageclass-5.12.2.jar:/usr/local/spark/jars/protobuf-java-2.5.0.jar:/usr/local/spark/jars/jackson-core-asl-1.9.13.jar:/usr/local/spark/jars/jaxb-runtime-2.3.2.jar:/usr/local/spark/jars/scala-parser-combinators_2.12-1.1.2.jar:/usr/local/spark/jars/shapeless_2.12-2.3.7.jar:/usr/local/spark/jars/arpack_combined_all-0.1.jar:/usr/local/spark/jars/spark-core_2.12-3.3.4.jar:/usr/local/spark/jars/threeten-extra-1.5.0.jar:/usr/local/spark/jars/commons-pool-1.5.4.jar:/u
Launcher Type: SUN_STANDARD

Environment Variables:
JAVA_HOME=/usr/lib/jvm/java-8-openjdk-amd64
PATH=/home/nhtrung/clv/bin:/usr/local/sbin:/usr/local/bin:/usr/sbin:/usr/bin:/sbin:/bin:/usr/games:/usr/local/games:/snap/bin:/snap/bin:/usr/lib/jvm/java-8-openjdk-amd64/bin:/usr/local/hadoop/bin:/usr/local/hadoop/sbin:/usr/local/kafka/bin:/usr/local/spark/bin:/usr/local/sbin:/usr/local/bin:/usr/sbin:/usr/bin:/sbin:/bin:/usr/games:/usr/local/games:/snap/bin:/snap/bin:/usr/local/hbase/bin
USERNAME=nhtrung
SHELL=/bin/bash
DISPLAY=:1

Signal Handlers:
SIGSEGV: [libjvm.so+0xb57e70], sa_mask[0]=11111111011111111101111111111110, sa_flags=SA_RESTART|SA_SIGINFO
SIGBUS: [libjvm.so+0xb57e70], sa_mask[0]=11111111011111111101111111111110, sa_flags=SA_RESTART|SA_SIGINFO
SIGFPE: [libjvm.so+0x990360], sa_mask[0]=11111111011111111101111111111110, sa_flags=SA_RESTART|SA_SIGINFO
SIGPIPE: [libjvm.so+0x990360], sa_mask[0]=11111111011111111101111111111110, sa_flags=SA_RESTART|SA_SIGINFO
SIGXFSZ: [libjvm.so+0x990360], sa_mask[0]=11111111011111111101111111111110, sa_flags=SA_RESTART|SA_SIGINFO
SIGILL: [libjvm.so+0x990360], sa_mask[0]=11111111011111111101111111111110, sa_flags=SA_RESTART|SA_SIGINFO
SIGUSR1: SIG_DFL, sa_mask[0]=00000000000000000000000000000000, sa_flags=none
SIGUSR2: [libjvm.so+0x990690], sa_mask[0]=00000000000000000000000000000000, sa_flags=SA_RESTART|SA_SIGINFO
SIGHUP: SIG_DFL, sa_mask[0]=00000000000000000000000000000000, sa_flags=none
SIGINT: SIG_IGN, sa_mask[0]=00000000000000000000000000000000, sa_flags=none
SIGTERM: SIG_DFL, sa_mask[0]=00000000000000000000000000000000, sa_flags=none
SIGQUIT: SIG_DFL, sa_mask[0]=00000000000000000000000000000000, sa_flags=none


---------------  S Y S T E M  ---------------

OS:DISTRIB_ID=Ubuntu
DISTRIB_RELEASE=24.04
DISTRIB_CODENAME=noble
DISTRIB_DESCRIPTION="Ubuntu 24.04.1 LTS"

uname:Linux 6.8.0-48-generic #48-Ubuntu SMP PREEMPT_DYNAMIC Fri Sep 27 14:04:52 UTC 2024 x86_64
libc:glibc 2.39 NPTL 2.39 
rlimit: STACK 8192k, CORE 0k, NPROC 3299, NOFILE 1048576, AS infinity
load average:0.84 0.95 0.91

/proc/meminfo:
MemTotal:        6134320 kB
MemFree:          169372 kB
MemAvailable:     462460 kB
Buffers:           11456 kB
Cached:           524660 kB
SwapCached:       163520 kB
Active:          2078888 kB
Inactive:        3258120 kB
Active(anon):    1883672 kB
Inactive(anon):  2978216 kB
Active(file):     195216 kB
Inactive(file):   279904 kB
Unevictable:         104 kB
Mlocked:             104 kB
SwapTotal:       4194300 kB
SwapFree:            184 kB
Zswap:                 0 kB
Zswapped:              0 kB
Dirty:               792 kB
Writeback:             0 kB
AnonPages:       4649652 kB
Mapped:           365408 kB
Shmem:             60668 kB
KReclaimable:      94432 kB
Slab:             309124 kB
SReclaimable:      94432 kB
SUnreclaim:       214692 kB
KernelStack:       39260 kB
PageTables:        78740 kB
SecPageTables:         0 kB
NFS_Unstable:          0 kB
Bounce:                0 kB
WritebackTmp:          0 kB
CommitLimit:     7261460 kB
Committed_AS:   26308532 kB
VmallocTotal:   34359738367 kB
VmallocUsed:       72688 kB
VmallocChunk:          0 kB
Percpu:             6208 kB
HardwareCorrupted:     0 kB
AnonHugePages:     30720 kB
ShmemHugePages:        0 kB
ShmemPmdMapped:        0 kB
FileHugePages:         0 kB
FilePmdMapped:         0 kB
Unaccepted:            0 kB
HugePages_Total:       0
HugePages_Free:        0
HugePages_Rsvd:        0
HugePages_Surp:        0
Hugepagesize:       2048 kB
Hugetlb:               0 kB
DirectMap4k:      133056 kB
DirectMap2M:     6158336 kB
DirectMap1G:           0 kB

container (cgroup) information:
container_type: cgroupv2
cpu_cpuset_cpus: failed
cpu_memory_nodes: failed
active_processor_count: 8
cpu_quota: -2
cpu_period: -2
cpu_shares: -2
memory_limit_in_bytes: -1
memory_and_swap_limit_in_bytes: -1
memory_soft_limit_in_bytes: 0
memory_usage_in_bytes: 761151488
memory_max_usage_in_bytes: -2


CPU:total 8 (initial active 8) (4 cores per cpu, 2 threads per core) family 6 model 141 stepping 1, cmov, cx8, fxsr, mmx, sse, sse2, sse3, ssse3, sse4.1, sse4.2, popcnt, avx, avx2, aes, clmul, erms, 3dnowpref, lzcnt, ht, tsc, tscinvbit, bmi1, bmi2, adx

/proc/cpuinfo:
processor	: 0
vendor_id	: GenuineIntel
cpu family	: 6
model		: 141
model name	: 11th Gen Intel(R) Core(TM) i7-11800H @ 2.30GHz
stepping	: 1
microcode	: 0xffffffff
cpu MHz		: 4019.625
cache size	: 24576 KB
physical id	: 0
siblings	: 8
core id		: 0
cpu cores	: 4
apicid		: 0
initial apicid	: 0
fpu		: yes
fpu_exception	: yes
cpuid level	: 27
wp		: yes
flags		: fpu vme de pse tsc msr pae mce cx8 apic sep mtrr pge mca cmov pat pse36 clflush mmx fxsr sse sse2 ss ht syscall nx pdpe1gb rdtscp lm constant_tsc rep_good nopl xtopology tsc_reliable nonstop_tsc cpuid aperfmperf pni pclmulqdq ssse3 fma cx16 pcid sse4_1 sse4_2 movbe popcnt tsc_deadline_timer aes xsave avx f16c rdrand hypervisor lahf_lm abm 3dnowprefetch ssbd ibrs ibpb stibp ibrs_enhanced fsgsbase tsc_adjust bmi1 avx2 smep bmi2 erms invpcid avx512f avx512dq rdseed adx smap avx512ifma clflushopt clwb avx512cd sha_ni avx512bw avx512vl xsaveopt xsavec xgetbv1 xsaves user_shstk avx512vbmi umip avx512_vbmi2 gfni vaes vpclmulqdq avx512_vnni avx512_bitalg avx512_vpopcntdq rdpid movdiri movdir64b fsrm avx512_vp2intersect md_clear ibt flush_l1d arch_capabilities
bugs		: spectre_v1 spectre_v2 spec_store_bypass swapgs retbleed eibrs_pbrsb gds bhi
bogomips	: 4608.00
clflush size	: 64
cache_alignment	: 64
address sizes	: 39 bits physical, 48 bits virtual
power management:

processor	: 1
vendor_id	: GenuineIntel
cpu family	: 6
model		: 141
model name	: 11th Gen Intel(R) Core(TM) i7-11800H @ 2.30GHz
stepping	: 1
microcode	: 0xffffffff
cpu MHz		: 4134.563
cache size	: 24576 KB
physical id	: 0
siblings	: 8
core id		: 0
cpu cores	: 4
apicid		: 1
initial apicid	: 1
fpu		: yes
fpu_exception	: yes
cpuid level	: 27
wp		: yes
flags		: fpu vme de pse tsc msr pae mce cx8 apic sep mtrr pge mca cmov pat pse36 clflush mmx fxsr sse sse2 ss ht syscall nx pdpe1gb rdtscp lm constant_tsc rep_good nopl xtopology tsc_reliable nonstop_tsc cpuid aperfmperf pni pclmulqdq ssse3 fma cx16 pcid sse4_1 sse4_2 movbe popcnt tsc_deadline_timer aes xsave avx f16c rdrand hypervisor lahf_lm abm 3dnowprefetch ssbd ibrs ibpb stibp ibrs_enhanced fsgsbase tsc_adjust bmi1 avx2 smep bmi2 erms invpcid avx512f avx512dq rdseed adx smap avx512ifma clflushopt clwb avx512cd sha_ni avx512bw avx512vl xsaveopt xsavec xgetbv1 xsaves user_shstk avx512vbmi umip avx512_vbmi2 gfni vaes vpclmulqdq avx512_vnni avx512_bitalg avx512_vpopcntdq rdpid movdiri movdir64b fsrm avx512_vp2intersect md_clear ibt flush_l1d arch_capabilities
bugs		: spectre_v1 spectre_v2 spec_store_bypass swapgs retbleed eibrs_pbrsb gds bhi
bogomips	: 4608.00
clflush size	: 64
cache_alignment	: 64
address sizes	: 39 bits physical, 48 bits virtual
power management:

processor	: 2
vendor_id	: GenuineIntel
cpu family	: 6
model		: 141
model name	: 11th Gen Intel(R) Core(TM) i7-11800H @ 2.30GHz
stepping	: 1
microcode	: 0xffffffff
cpu MHz		: 2569.927
cache size	: 24576 KB
physical id	: 0
siblings	: 8
core id		: 1
cpu cores	: 4
apicid		: 2
initial apicid	: 2
fpu		: yes
fpu_exception	: yes
cpuid level	: 27
wp		: yes
flags		: fpu vme de pse tsc msr pae mce cx8 apic sep mtrr pge mca cmov pat pse36 clflush mmx fxsr sse sse2 ss ht syscall nx pdpe1gb rdtscp lm constant_tsc rep_good nopl xtopology tsc_reliable nonstop_tsc cpuid aperfmperf pni pclmulqdq ssse3 fma cx16 pcid sse4_1 sse4_2 movbe popcnt tsc_deadline_timer aes xsave avx f16c rdrand hypervisor lahf_lm abm 3dnowprefetch ssbd ibrs ibpb stibp ibrs_enhanced fsgsbase tsc_adjust bmi1 avx2 smep bmi2 erms invpcid avx512f avx512dq rdseed adx smap avx512ifma clflushopt clwb avx512cd sha_ni avx512bw avx512vl xsaveopt xsavec xgetbv1 xsaves user_shstk avx512vbmi umip avx512_vbmi2 gfni vaes vpclmulqdq avx512_vnni avx512_bitalg avx512_vpopcntdq rdpid movdiri movdir64b fsrm avx512_vp2intersect md_clear ibt flush_l1d arch_capabilities
bugs		: spectre_v1 spectre_v2 spec_store_bypass swapgs retbleed eibrs_pbrsb gds bhi
bogomips	: 4608.00
clflush size	: 64
cache_alignment	: 64
address sizes	: 39 bits physical, 48 bits virtual
power management:

processor	: 3
vendor_id	: GenuineIntel
cpu family	: 6
model		: 141
model name	: 11th Gen Intel(R) Core(TM) i7-11800H @ 2.30GHz
stepping	: 1
microcode	: 0xffffffff
cpu MHz		: 4193.328
cache size	: 24576 KB
physical id	: 0
siblings	: 8
core id		: 1
cpu cores	: 4
apicid		: 3
initial apicid	: 3
fpu		: yes
fpu_exception	: yes
cpuid level	: 27
wp		: yes
flags		: fpu vme de pse tsc msr pae mce cx8 apic sep mtrr pge mca cmov pat pse36 clflush mmx fxsr sse sse2 ss ht syscall nx pdpe1gb rdtscp lm constant_tsc rep_good nopl xtopology tsc_reliable nonstop_tsc cpuid aperfmperf pni pclmulqdq ssse3 fma cx16 pcid sse4_1 sse4_2 movbe popcnt tsc_deadline_timer aes xsave avx f16c rdrand hypervisor lahf_lm abm 3dnowprefetch ssbd ibrs ibpb stibp ibrs_enhanced fsgsbase tsc_adjust bmi1 avx2 smep bmi2 erms invpcid avx512f avx512dq rdseed adx smap avx512ifma clflushopt clwb avx512cd sha_ni avx512bw avx512vl xsaveopt xsavec xgetbv1 xsaves user_shstk avx512vbmi umip avx512_vbmi2 gfni vaes vpclmulqdq avx512_vnni avx512_bitalg avx512_vpopcntdq rdpid movdiri movdir64b fsrm avx512_vp2intersect md_clear ibt flush_l1d arch_capabilities
bugs		: spectre_v1 spectre_v2 spec_store_bypass swapgs retbleed eibrs_pbrsb gds bhi
bogomips	: 4608.00
clflush size	: 64
cache_alignment	: 64
address sizes	: 39 bits physical, 48 bits virtual
power management:

processor	: 4
vendor_id	: GenuineIntel
cpu family	: 6
model		: 141
model name	: 11th Gen Intel(R) Core(TM) i7-11800H @ 2.30GHz
stepping	: 1
microcode	: 0xffffffff
cpu MHz		: 4206.881
cache size	: 24576 KB
physical id	: 0
siblings	: 8
core id		: 2
cpu cores	: 4
apicid		: 4
initial apicid	: 4
fpu		: yes
fpu_exception	: yes
cpuid level	: 27
wp		: yes
flags		: fpu vme de pse tsc msr pae mce cx8 apic sep mtrr pge mca cmov pat pse36 clflush mmx fxsr sse sse2 ss ht syscall nx pdpe1gb rdtscp lm constant_tsc rep_good nopl xtopology tsc_reliable nonstop_tsc cpuid aperfmperf pni pclmulqdq ssse3 fma cx16 pcid sse4_1 sse4_2 movbe popcnt tsc_deadline_timer aes xsave avx f16c rdrand hypervisor lahf_lm abm 3dnowprefetch ssbd ibrs ibpb stibp ibrs_enhanced fsgsbase tsc_adjust bmi1 avx2 smep bmi2 erms invpcid avx512f avx512dq rdseed adx smap avx512ifma clflushopt clwb avx512cd sha_ni avx512bw avx512vl xsaveopt xsavec xgetbv1 xsaves user_shstk avx512vbmi umip avx512_vbmi2 gfni vaes vpclmulqdq avx512_vnni avx512_bitalg avx512_vpopcntdq rdpid movdiri movdir64b fsrm avx512_vp2intersect md_clear ibt flush_l1d arch_capabilities
bugs		: spectre_v1 spectre_v2 spec_store_bypass swapgs retbleed eibrs_pbrsb gds bhi
bogomips	: 4608.00
clflush size	: 64
cache_alignment	: 64
address sizes	: 39 bits physical, 48 bits virtual
power management:

processor	: 5
vendor_id	: GenuineIntel
cpu family	: 6
model		: 141
model name	: 11th Gen Intel(R) Core(TM) i7-11800H @ 2.30GHz
stepping	: 1
microcode	: 0xffffffff
cpu MHz		: 4171.011
cache size	: 24576 KB
physical id	: 0
siblings	: 8
core id		: 2
cpu cores	: 4
apicid		: 5
initial apicid	: 5
fpu		: yes
fpu_exception	: yes
cpuid level	: 27
wp		: yes
flags		: fpu vme de pse tsc msr pae mce cx8 apic sep mtrr pge mca cmov pat pse36 clflush mmx fxsr sse sse2 ss ht syscall nx pdpe1gb rdtscp lm constant_tsc rep_good nopl xtopology tsc_reliable nonstop_tsc cpuid aperfmperf pni pclmulqdq ssse3 fma cx16 pcid sse4_1 sse4_2 movbe popcnt tsc_deadline_timer aes xsave avx f16c rdrand hypervisor lahf_lm abm 3dnowprefetch ssbd ibrs ibpb stibp ibrs_enhanced fsgsbase tsc_adjust bmi1 avx2 smep bmi2 erms invpcid avx512f avx512dq rdseed adx smap avx512ifma clflushopt clwb avx512cd sha_ni avx512bw avx512vl xsaveopt xsavec xgetbv1 xsaves user_shstk avx512vbmi umip avx512_vbmi2 gfni vaes vpclmulqdq avx512_vnni avx512_bitalg avx512_vpopcntdq rdpid movdiri movdir64b fsrm avx512_vp2intersect md_clear ibt flush_l1d arch_capabilities
bugs		: spectre_v1 spectre_v2 spec_store_bypass swapgs retbleed eibrs_pbrsb gds bhi
bogomips	: 4608.00
clflush size	: 64
cache_alignment	: 64
address sizes	: 39 bits physical, 48 bits virtual
power management:

processor	: 6
vendor_id	: GenuineIntel
cpu family	: 6
model		: 141
model name	: 11th Gen Intel(R) Core(TM) i7-11800H @ 2.30GHz
stepping	: 1
microcode	: 0xffffffff
cpu MHz		: 4206.583
cache size	: 24576 KB
physical id	: 0
siblings	: 8
core id		: 3
cpu cores	: 4
apicid		: 6
initial apicid	: 6
fpu		: yes
fpu_exception	: yes
cpuid level	: 27
wp		: yes
flags		: fpu vme de pse tsc msr pae mce cx8 apic sep mtrr pge mca cmov pat pse36 clflush mmx fxsr sse sse2 ss ht syscall nx pdpe1gb rdtscp lm constant_tsc rep_good nopl xtopology tsc_reliable nonstop_tsc cpuid aperfmperf pni pclmulqdq ssse3 fma cx16 pcid sse4_1 sse4_2 movbe popcnt tsc_deadline_timer aes xsave avx f16c rdrand hypervisor lahf_lm abm 3dnowprefetch ssbd ibrs ibpb stibp ibrs_enhanced fsgsbase tsc_adjust bmi1 avx2 smep bmi2 erms invpcid avx512f avx512dq rdseed adx smap avx512ifma clflushopt clwb avx512cd sha_ni avx512bw avx512vl xsaveopt xsavec xgetbv1 xsaves user_shstk avx512vbmi umip avx512_vbmi2 gfni vaes vpclmulqdq avx512_vnni avx512_bitalg avx512_vpopcntdq rdpid movdiri movdir64b fsrm avx512_vp2intersect md_clear ibt flush_l1d arch_capabilities
bugs		: spectre_v1 spectre_v2 spec_store_bypass swapgs retbleed eibrs_pbrsb gds bhi
bogomips	: 4608.00
clflush size	: 64
cache_alignment	: 64
address sizes	: 39 bits physical, 48 bits virtual
power management:

processor	: 7
vendor_id	: GenuineIntel
cpu family	: 6
model		: 141
model name	: 11th Gen Intel(R) Core(TM) i7-11800H @ 2.30GHz
stepping	: 1
microcode	: 0xffffffff
cpu MHz		: 4205.966
cache size	: 24576 KB
physical id	: 0
siblings	: 8
core id		: 3
cpu cores	: 4
apicid		: 7
initial apicid	: 7
fpu		: yes
fpu_exception	: yes
cpuid level	: 27
wp		: yes
flags		: fpu vme de pse tsc msr pae mce cx8 apic sep mtrr pge mca cmov pat pse36 clflush mmx fxsr sse sse2 ss ht syscall nx pdpe1gb rdtscp lm constant_tsc rep_good nopl xtopology tsc_reliable nonstop_tsc cpuid aperfmperf pni pclmulqdq ssse3 fma cx16 pcid sse4_1 sse4_2 movbe popcnt tsc_deadline_timer aes xsave avx f16c rdrand hypervisor lahf_lm abm 3dnowprefetch ssbd ibrs ibpb stibp ibrs_enhanced fsgsbase tsc_adjust bmi1 avx2 smep bmi2 erms invpcid avx512f avx512dq rdseed adx smap avx512ifma clflushopt clwb avx512cd sha_ni avx512bw avx512vl xsaveopt xsavec xgetbv1 xsaves user_shstk avx512vbmi umip avx512_vbmi2 gfni vaes vpclmulqdq avx512_vnni avx512_bitalg avx512_vpopcntdq rdpid movdiri movdir64b fsrm avx512_vp2intersect md_clear ibt flush_l1d arch_capabilities
bugs		: spectre_v1 spectre_v2 spec_store_bypass swapgs retbleed eibrs_pbrsb gds bhi
bogomips	: 4608.00
clflush size	: 64
cache_alignment	: 64
address sizes	: 39 bits physical, 48 bits virtual
power management:



Memory: 4k page, physical 6134320k(168868k free), swap 4194300k(188k free)

vm_info: OpenJDK 64-Bit Server VM (25.432-bga) for linux-amd64 JRE (1.8.0_432-8u432-ga~us1-0ubuntu2~24.04-ga), built on Oct 30 2024 14:19:39 by "buildd" with gcc 13.2.0

time: Thu Nov 21 16:11:35 2024
timezone: +07
elapsed time: 0.014978 seconds (0d 0h 0m 0s)

