#
# There is insufficient memory for the Java Runtime Environment to continue.
# Cannot create GC thread. Out of system resources.
# Possible reasons:
#   The system is out of physical RAM or swap space
#   The process is running with CompressedOops enabled, and the Java Heap may be blocking the growth of the native heap
# Possible solutions:
#   Reduce memory load on the system
#   Increase physical memory or swap space
#   Check if swap backing store is full
#   Decrease Java heap size (-Xmx/-Xms)
#   Decrease number of Java threads
#   Decrease Java thread stack sizes (-Xss)
#   Set larger code cache with -XX:ReservedCodeCacheSize=
# This output file may be truncated or incomplete.
#
#  Out of Memory Error (gcTaskThread.cpp:48), pid=131829, tid=0x000076ffc2bff6c0
#
# JRE version:  (8.0_432) (build )
# Java VM: OpenJDK 64-Bit Server VM (25.432-bga mixed mode linux-amd64 compressed oops)
# Failed to write core dump. Core dumps have been disabled. To enable core dumping, try "ulimit -c unlimited" before starting Java again
#

---------------  T H R E A D  ---------------

Current thread (0x000076ffbc010000):  JavaThread "Unknown thread" [_thread_in_vm, id=131830, stack(0x000076ffc2b00000,0x000076ffc2c00000)]

Stack: [0x000076ffc2b00000,0x000076ffc2c00000],  sp=0x000076ffc2bfe790,  free space=1017k
Native frames: (J=compiled Java code, j=interpreted, Vv=VM code, C=native code)
V  [libjvm.so+0xb57657]
V  [libjvm.so+0x4fc2a4]
V  [libjvm.so+0x5da46f]
V  [libjvm.so+0x5d9b85]
V  [libjvm.so+0x9bb057]
V  [libjvm.so+0xb19130]
V  [libjvm.so+0xb193e6]
V  [libjvm.so+0x653d7e]
V  [libjvm.so+0xaf949a]
V  [libjvm.so+0x72c020]  JNI_CreateJavaVM+0x60
C  [libjli.so+0x445a]
C  [libjli.so+0x8961]
C  [libc.so.6+0x9ca94]
C  [libc.so.6+0x129c3c]


---------------  P R O C E S S  ---------------

Java Threads: ( => current thread )

Other Threads:

=>0x000076ffbc010000 (exited) JavaThread "Unknown thread" [_thread_in_vm, id=131830, stack(0x000076ffc2b00000,0x000076ffc2c00000)]

VM state:not at safepoint (not fully initialized)

VM Mutex/Monitor currently owned by a thread: None

heap address: 0x00000000f8000000, size: 128 MB, Compressed Oops mode: Non-zero based:0x00000000f7fff000
Narrow klass base: 0x0000000000000000, Narrow klass shift: 0

GC Heap History (0 events):
No events

Deoptimization events (0 events):
No events

Classes redefined (0 events):
No events

Internal exceptions (0 events):
No events

Events (0 events):
No events


Dynamic libraries:
f8000000-fb580000 rw-p 00000000 00:00 0 
fb580000-fd580000 ---p 00000000 00:00 0 
fd580000-ff000000 rw-p 00000000 00:00 0 
ff000000-100000000 ---p 00000000 00:00 0 
5912efbeb000-5912efbec000 r--p 00000000 08:02 1850360                    /usr/lib/jvm/java-8-openjdk-amd64/jre/bin/java
5912efbec000-5912efbed000 r-xp 00001000 08:02 1850360                    /usr/lib/jvm/java-8-openjdk-amd64/jre/bin/java
5912efbed000-5912efbee000 r--p 00002000 08:02 1850360                    /usr/lib/jvm/java-8-openjdk-amd64/jre/bin/java
5912efbee000-5912efbef000 r--p 00002000 08:02 1850360                    /usr/lib/jvm/java-8-openjdk-amd64/jre/bin/java
5912efbef000-5912efbf0000 rw-p 00003000 08:02 1850360                    /usr/lib/jvm/java-8-openjdk-amd64/jre/bin/java
5912f0e2e000-5912f0e70000 rw-p 00000000 00:00 0                          [heap]
76ffad000000-76ffad270000 rwxp 00000000 00:00 0 
76ffad270000-76ffbc000000 ---p 00000000 00:00 0 
76ffbc000000-76ffbc04f000 rw-p 00000000 00:00 0 
76ffbc04f000-76ffc0000000 ---p 00000000 00:00 0 
76ffc12ff000-76ffc1300000 ---p 00000000 00:00 0 
76ffc1300000-76ffc1400000 rw-p 00000000 00:00 0 
76ffc1400000-76ffc140a000 rw-p 00000000 00:00 0 
76ffc140a000-76ffc17c0000 ---p 00000000 00:00 0 
76ffc1800000-76ffc189d000 r--p 00000000 08:02 1836271                    /usr/lib/x86_64-linux-gnu/libstdc++.so.6.0.33
76ffc189d000-76ffc19e5000 r-xp 0009d000 08:02 1836271                    /usr/lib/x86_64-linux-gnu/libstdc++.so.6.0.33
76ffc19e5000-76ffc1a6c000 r--p 001e5000 08:02 1836271                    /usr/lib/x86_64-linux-gnu/libstdc++.so.6.0.33
76ffc1a6c000-76ffc1a77000 r--p 0026b000 08:02 1836271                    /usr/lib/x86_64-linux-gnu/libstdc++.so.6.0.33
76ffc1a77000-76ffc1a7a000 rw-p 00276000 08:02 1836271                    /usr/lib/x86_64-linux-gnu/libstdc++.so.6.0.33
76ffc1a7a000-76ffc1a7e000 rw-p 00000000 00:00 0 
76ffc1aff000-76ffc1b00000 ---p 00000000 00:00 0 
76ffc1b00000-76ffc1c00000 rw-p 00000000 00:00 0 
76ffc1c00000-76ffc1df6000 r--p 00000000 08:02 1850409                    /usr/lib/jvm/java-8-openjdk-amd64/jre/lib/amd64/server/libjvm.so
76ffc1df6000-76ffc277f000 r-xp 001f6000 08:02 1850409                    /usr/lib/jvm/java-8-openjdk-amd64/jre/lib/amd64/server/libjvm.so
76ffc277f000-76ffc292b000 r--p 00b7f000 08:02 1850409                    /usr/lib/jvm/java-8-openjdk-amd64/jre/lib/amd64/server/libjvm.so
76ffc292b000-76ffc29c1000 r--p 00d2a000 08:02 1850409                    /usr/lib/jvm/java-8-openjdk-amd64/jre/lib/amd64/server/libjvm.so
76ffc29c1000-76ffc29ea000 rw-p 00dc0000 08:02 1850409                    /usr/lib/jvm/java-8-openjdk-amd64/jre/lib/amd64/server/libjvm.so
76ffc29ea000-76ffc2a1d000 rw-p 00000000 00:00 0 
76ffc2abe000-76ffc2ad9000 rw-p 00000000 00:00 0 
76ffc2ad9000-76ffc2ae8000 ---p 00000000 00:00 0 
76ffc2ae8000-76ffc2af6000 rw-p 00000000 00:00 0 
76ffc2af6000-76ffc2afe000 ---p 00000000 00:00 0 
76ffc2afe000-76ffc2aff000 rw-p 00000000 00:00 0 
76ffc2aff000-76ffc2b00000 ---p 00000000 00:00 0 
76ffc2b00000-76ffc2b03000 ---p 00000000 00:00 0 
76ffc2b03000-76ffc2c00000 rw-p 00000000 00:00 0 
76ffc2c00000-76ffc2c28000 r--p 00000000 08:02 1846403                    /usr/lib/x86_64-linux-gnu/libc.so.6
76ffc2c28000-76ffc2db0000 r-xp 00028000 08:02 1846403                    /usr/lib/x86_64-linux-gnu/libc.so.6
76ffc2db0000-76ffc2dff000 r--p 001b0000 08:02 1846403                    /usr/lib/x86_64-linux-gnu/libc.so.6
76ffc2dff000-76ffc2e03000 r--p 001fe000 08:02 1846403                    /usr/lib/x86_64-linux-gnu/libc.so.6
76ffc2e03000-76ffc2e05000 rw-p 00202000 08:02 1846403                    /usr/lib/x86_64-linux-gnu/libc.so.6
76ffc2e05000-76ffc2e12000 rw-p 00000000 00:00 0 
76ffc2e21000-76ffc2e3c000 rw-p 00000000 00:00 0 
76ffc2e3c000-76ffc2e4c000 ---p 00000000 00:00 0 
76ffc2e4c000-76ffc2e4f000 r--p 00000000 08:02 1850406                    /usr/lib/jvm/java-8-openjdk-amd64/jre/lib/amd64/libzip.so
76ffc2e4f000-76ffc2e54000 r-xp 00003000 08:02 1850406                    /usr/lib/jvm/java-8-openjdk-amd64/jre/lib/amd64/libzip.so
76ffc2e54000-76ffc2e56000 r--p 00008000 08:02 1850406                    /usr/lib/jvm/java-8-openjdk-amd64/jre/lib/amd64/libzip.so
76ffc2e56000-76ffc2e57000 r--p 00009000 08:02 1850406                    /usr/lib/jvm/java-8-openjdk-amd64/jre/lib/amd64/libzip.so
76ffc2e57000-76ffc2e58000 rw-p 0000a000 08:02 1850406                    /usr/lib/jvm/java-8-openjdk-amd64/jre/lib/amd64/libzip.so
76ffc2e58000-76ffc2e65000 r--p 00000000 08:02 1850387                    /usr/lib/jvm/java-8-openjdk-amd64/jre/lib/amd64/libjava.so
76ffc2e65000-76ffc2e7e000 r-xp 0000d000 08:02 1850387                    /usr/lib/jvm/java-8-openjdk-amd64/jre/lib/amd64/libjava.so
76ffc2e7e000-76ffc2e85000 r--p 00026000 08:02 1850387                    /usr/lib/jvm/java-8-openjdk-amd64/jre/lib/amd64/libjava.so
76ffc2e85000-76ffc2e86000 r--p 0002c000 08:02 1850387                    /usr/lib/jvm/java-8-openjdk-amd64/jre/lib/amd64/libjava.so
76ffc2e86000-76ffc2e88000 rw-p 0002d000 08:02 1850387                    /usr/lib/jvm/java-8-openjdk-amd64/jre/lib/amd64/libjava.so
76ffc2e88000-76ffc2e8d000 r--p 00000000 08:02 1850405                    /usr/lib/jvm/java-8-openjdk-amd64/jre/lib/amd64/libverify.so
76ffc2e8d000-76ffc2e96000 r-xp 00005000 08:02 1850405                    /usr/lib/jvm/java-8-openjdk-amd64/jre/lib/amd64/libverify.so
76ffc2e96000-76ffc2e98000 r--p 0000e000 08:02 1850405                    /usr/lib/jvm/java-8-openjdk-amd64/jre/lib/amd64/libverify.so
76ffc2e98000-76ffc2e9a000 r--p 0000f000 08:02 1850405                    /usr/lib/jvm/java-8-openjdk-amd64/jre/lib/amd64/libverify.so
76ffc2e9a000-76ffc2e9b000 rw-p 00011000 08:02 1850405                    /usr/lib/jvm/java-8-openjdk-amd64/jre/lib/amd64/libverify.so
76ffc2e9b000-76ffc2e9c000 r--p 00000000 08:02 1846876                    /usr/lib/x86_64-linux-gnu/librt.so.1
76ffc2e9c000-76ffc2e9d000 r-xp 00001000 08:02 1846876                    /usr/lib/x86_64-linux-gnu/librt.so.1
76ffc2e9d000-76ffc2e9e000 r--p 00002000 08:02 1846876                    /usr/lib/x86_64-linux-gnu/librt.so.1
76ffc2e9e000-76ffc2e9f000 r--p 00002000 08:02 1846876                    /usr/lib/x86_64-linux-gnu/librt.so.1
76ffc2e9f000-76ffc2ea0000 rw-p 00003000 08:02 1846876                    /usr/lib/x86_64-linux-gnu/librt.so.1
76ffc2ea0000-76ffc2ea4000 r--p 00000000 08:02 1844623                    /usr/lib/x86_64-linux-gnu/libgcc_s.so.1
76ffc2ea4000-76ffc2ec8000 r-xp 00004000 08:02 1844623                    /usr/lib/x86_64-linux-gnu/libgcc_s.so.1
76ffc2ec8000-76ffc2ecc000 r--p 00028000 08:02 1844623                    /usr/lib/x86_64-linux-gnu/libgcc_s.so.1
76ffc2ecc000-76ffc2ecd000 r--p 0002b000 08:02 1844623                    /usr/lib/x86_64-linux-gnu/libgcc_s.so.1
76ffc2ecd000-76ffc2ece000 rw-p 0002c000 08:02 1844623                    /usr/lib/x86_64-linux-gnu/libgcc_s.so.1
76ffc2ece000-76ffc2ede000 r--p 00000000 08:02 1846708                    /usr/lib/x86_64-linux-gnu/libm.so.6
76ffc2ede000-76ffc2f5d000 r-xp 00010000 08:02 1846708                    /usr/lib/x86_64-linux-gnu/libm.so.6
76ffc2f5d000-76ffc2fb5000 r--p 0008f000 08:02 1846708                    /usr/lib/x86_64-linux-gnu/libm.so.6
76ffc2fb5000-76ffc2fb6000 r--p 000e7000 08:02 1846708                    /usr/lib/x86_64-linux-gnu/libm.so.6
76ffc2fb6000-76ffc2fb7000 rw-p 000e8000 08:02 1846708                    /usr/lib/x86_64-linux-gnu/libm.so.6
76ffc2fb7000-76ffc2fb9000 rw-p 00000000 00:00 0 
76ffc2fb9000-76ffc2fbc000 r--p 00000000 08:02 1850373                    /usr/lib/jvm/java-8-openjdk-amd64/jre/lib/amd64/jli/libjli.so
76ffc2fbc000-76ffc2fc5000 r-xp 00003000 08:02 1850373                    /usr/lib/jvm/java-8-openjdk-amd64/jre/lib/amd64/jli/libjli.so
76ffc2fc5000-76ffc2fc8000 r--p 0000c000 08:02 1850373                    /usr/lib/jvm/java-8-openjdk-amd64/jre/lib/amd64/jli/libjli.so
76ffc2fc8000-76ffc2fc9000 r--p 0000e000 08:02 1850373                    /usr/lib/jvm/java-8-openjdk-amd64/jre/lib/amd64/jli/libjli.so
76ffc2fc9000-76ffc2fca000 rw-p 0000f000 08:02 1850373                    /usr/lib/jvm/java-8-openjdk-amd64/jre/lib/amd64/jli/libjli.so
76ffc2fca000-76ffc2fcc000 r--p 00000000 08:02 1847060                    /usr/lib/x86_64-linux-gnu/libz.so.1.3
76ffc2fcc000-76ffc2fde000 r-xp 00002000 08:02 1847060                    /usr/lib/x86_64-linux-gnu/libz.so.1.3
76ffc2fde000-76ffc2fe4000 r--p 00014000 08:02 1847060                    /usr/lib/x86_64-linux-gnu/libz.so.1.3
76ffc2fe4000-76ffc2fe5000 r--p 0001a000 08:02 1847060                    /usr/lib/x86_64-linux-gnu/libz.so.1.3
76ffc2fe5000-76ffc2fe6000 rw-p 0001b000 08:02 1847060                    /usr/lib/x86_64-linux-gnu/libz.so.1.3
76ffc2fea000-76ffc2ff2000 rw-s 00000000 08:02 655819                     /tmp/hsperfdata_nhtrung/131829
76ffc2ff2000-76ffc2ff3000 rw-p 00000000 00:00 0 
76ffc2ff3000-76ffc2ff4000 r--p 00000000 00:00 0 
76ffc2ff4000-76ffc2ff6000 rw-p 00000000 00:00 0 
76ffc2ff6000-76ffc2ff7000 r--p 00000000 08:02 1846221                    /usr/lib/x86_64-linux-gnu/ld-linux-x86-64.so.2
76ffc2ff7000-76ffc3022000 r-xp 00001000 08:02 1846221                    /usr/lib/x86_64-linux-gnu/ld-linux-x86-64.so.2
76ffc3022000-76ffc302c000 r--p 0002c000 08:02 1846221                    /usr/lib/x86_64-linux-gnu/ld-linux-x86-64.so.2
76ffc302c000-76ffc302e000 r--p 00036000 08:02 1846221                    /usr/lib/x86_64-linux-gnu/ld-linux-x86-64.so.2
76ffc302e000-76ffc3030000 rw-p 00038000 08:02 1846221                    /usr/lib/x86_64-linux-gnu/ld-linux-x86-64.so.2
7ffe94458000-7ffe9447a000 rw-p 00000000 00:00 0                          [stack]
7ffe9458c000-7ffe94590000 r--p 00000000 00:00 0                          [vvar]
7ffe94590000-7ffe94592000 r-xp 00000000 00:00 0                          [vdso]
ffffffffff600000-ffffffffff601000 --xp 00000000 00:00 0                  [vsyscall]

VM Arguments:
jvm_args: -Xmx128m 
java_command: org.apache.spark.launcher.Main org.apache.spark.deploy.SparkSubmit --conf spark.app.name=Data Cleaning and Transformation --conf spark.hadoop.fs.defaultFS=hdfs://namenode:9000 --conf spark.jars.packages=org.postgresql:postgresql:42.5.0 pyspark-shell
java_class_path (initial): /usr/local/spark/jars/flatbuffers-java-1.12.0.jar:/usr/local/spark/jars/bonecp-0.8.0.RELEASE.jar:/usr/local/spark/jars/spark-mesos_2.12-3.3.4.jar:/usr/local/spark/jars/janino-3.0.16.jar:/usr/local/spark/jars/kubernetes-model-metrics-5.12.2.jar:/usr/local/spark/jars/spark-network-common_2.12-3.3.4.jar:/usr/local/spark/jars/jackson-module-scala_2.12-2.13.4.jar:/usr/local/spark/jars/okio-1.14.0.jar:/usr/local/spark/jars/scala-compiler-2.12.15.jar:/usr/local/spark/jars/orc-mapreduce-1.7.10.jar:/usr/local/spark/jars/kubernetes-model-node-5.12.2.jar:/usr/local/spark/jars/spark-hive_2.12-3.3.4.jar:/usr/local/spark/jars/log4j-1.2-api-2.17.2.jar:/usr/local/spark/jars/compress-lzf-1.1.jar:/usr/local/spark/jars/osgi-resource-locator-1.0.3.jar:/usr/local/spark/jars/HikariCP-2.5.1.jar:/usr/local/spark/jars/netty-transport-native-kqueue-4.1.74.Final-osx-aarch_64.jar:/usr/local/spark/jars/jersey-hk2-2.36.jar:/usr/local/spark/jars/kubernetes-model-scheduling-5.12.2.jar:/usr/local/spark/jars/commons-lang3-3.12.0.jar:/usr/local/spark/jars/py4j-0.10.9.5.jar:/usr/local/spark/jars/commons-collections-3.2.2.jar:/usr/local/spark/jars/log4j-slf4j-impl-2.17.2.jar:/usr/local/spark/jars/netty-tcnative-classes-2.0.48.Final.jar:/usr/local/spark/jars/spark-tags_2.12-3.3.4.jar:/usr/local/spark/jars/jackson-databind-2.13.4.2.jar:/usr/local/spark/jars/arrow-format-7.0.0.jar:/usr/local/spark/jars/kubernetes-model-apiextensions-5.12.2.jar:/usr/local/spark/jars/opencsv-2.3.jar:/usr/local/spark/jars/kubernetes-model-storageclass-5.12.2.jar:/usr/local/spark/jars/protobuf-java-2.5.0.jar:/usr/local/spark/jars/jackson-core-asl-1.9.13.jar:/usr/local/spark/jars/jaxb-runtime-2.3.2.jar:/usr/local/spark/jars/scala-parser-combinators_2.12-1.1.2.jar:/usr/local/spark/jars/shapeless_2.12-2.3.7.jar:/usr/local/spark/jars/arpack_combined_all-0.1.jar:/usr/local/spark/jars/spark-core_2.12-3.3.4.jar:/usr/local/spark/jars/threeten-extra-1.5.0.jar:/usr/local/spark/jars/commons-pool-1.5.4.jar:/u
Launcher Type: SUN_STANDARD

Environment Variables:
JAVA_HOME=/usr/lib/jvm/java-8-openjdk-amd64
PATH=/home/nhtrung/clv/bin:/usr/local/sbin:/usr/local/bin:/usr/sbin:/usr/bin:/sbin:/bin:/usr/games:/usr/local/games:/snap/bin:/snap/bin:/usr/lib/jvm/java-8-openjdk-amd64/bin:/usr/local/hadoop/bin:/usr/local/hadoop/sbin:/usr/local/kafka/bin:/usr/local/spark/bin:/usr/local/sbin:/usr/local/bin:/usr/sbin:/usr/bin:/sbin:/bin:/usr/games:/usr/local/games:/snap/bin:/snap/bin:/usr/local/hbase/bin
USERNAME=nhtrung
SHELL=/bin/bash
DISPLAY=:1

Signal Handlers:
SIGSEGV: [libjvm.so+0xb57e70], sa_mask[0]=11111111011111111101111111111110, sa_flags=SA_RESTART|SA_SIGINFO
SIGBUS: [libjvm.so+0xb57e70], sa_mask[0]=11111111011111111101111111111110, sa_flags=SA_RESTART|SA_SIGINFO
SIGFPE: [libjvm.so+0x990360], sa_mask[0]=11111111011111111101111111111110, sa_flags=SA_RESTART|SA_SIGINFO
SIGPIPE: [libjvm.so+0x990360], sa_mask[0]=11111111011111111101111111111110, sa_flags=SA_RESTART|SA_SIGINFO
SIGXFSZ: [libjvm.so+0x990360], sa_mask[0]=11111111011111111101111111111110, sa_flags=SA_RESTART|SA_SIGINFO
SIGILL: [libjvm.so+0x990360], sa_mask[0]=11111111011111111101111111111110, sa_flags=SA_RESTART|SA_SIGINFO
SIGUSR1: SIG_DFL, sa_mask[0]=00000000000000000000000000000000, sa_flags=none
SIGUSR2: [libjvm.so+0x990690], sa_mask[0]=00000000000000000000000000000000, sa_flags=SA_RESTART|SA_SIGINFO
SIGHUP: SIG_DFL, sa_mask[0]=00000000000000000000000000000000, sa_flags=none
SIGINT: SIG_IGN, sa_mask[0]=00000000000000000000000000000000, sa_flags=none
SIGTERM: SIG_DFL, sa_mask[0]=00000000000000000000000000000000, sa_flags=none
SIGQUIT: SIG_DFL, sa_mask[0]=00000000000000000000000000000000, sa_flags=none


---------------  S Y S T E M  ---------------

OS:DISTRIB_ID=Ubuntu
DISTRIB_RELEASE=24.04
DISTRIB_CODENAME=noble
DISTRIB_DESCRIPTION="Ubuntu 24.04.1 LTS"

uname:Linux 6.8.0-48-generic #48-Ubuntu SMP PREEMPT_DYNAMIC Fri Sep 27 14:04:52 UTC 2024 x86_64
libc:glibc 2.39 NPTL 2.39 
rlimit: STACK 8192k, CORE 0k, NPROC 3299, NOFILE 1048576, AS infinity
load average:2.75 2.19 1.67

/proc/meminfo:
MemTotal:        5118512 kB
MemFree:          169988 kB
MemAvailable:     305700 kB
Buffers:           13260 kB
Cached:           351760 kB
SwapCached:       108296 kB
Active:          2456644 kB
Inactive:        1889400 kB
Active(anon):    2306888 kB
Inactive(anon):  1732324 kB
Active(file):     149756 kB
Inactive(file):   157076 kB
Unevictable:         104 kB
Mlocked:             104 kB
SwapTotal:       4194300 kB
SwapFree:             24 kB
Zswap:                 0 kB
Zswapped:              0 kB
Dirty:              2024 kB
Writeback:             0 kB
AnonPages:       3874028 kB
Mapped:           266864 kB
Shmem:             57680 kB
KReclaimable:      94664 kB
Slab:             307948 kB
SReclaimable:      94664 kB
SUnreclaim:       213284 kB
KernelStack:       39152 kB
PageTables:        76124 kB
SecPageTables:         0 kB
NFS_Unstable:          0 kB
Bounce:                0 kB
WritebackTmp:          0 kB
CommitLimit:     6753556 kB
Committed_AS:   25528756 kB
VmallocTotal:   34359738367 kB
VmallocUsed:       72592 kB
VmallocChunk:          0 kB
Percpu:             6208 kB
HardwareCorrupted:     0 kB
AnonHugePages:      2048 kB
ShmemHugePages:        0 kB
ShmemPmdMapped:        0 kB
FileHugePages:         0 kB
FilePmdMapped:         0 kB
Unaccepted:            0 kB
HugePages_Total:       0
HugePages_Free:        0
HugePages_Rsvd:        0
HugePages_Surp:        0
Hugepagesize:       2048 kB
Hugetlb:               0 kB
DirectMap4k:      133056 kB
DirectMap2M:     5502976 kB
DirectMap1G:           0 kB

container (cgroup) information:
container_type: cgroupv2
cpu_cpuset_cpus: failed
cpu_memory_nodes: failed
active_processor_count: 8
cpu_quota: -2
cpu_period: -2
cpu_shares: -2
memory_limit_in_bytes: -1
memory_and_swap_limit_in_bytes: -1
memory_soft_limit_in_bytes: 0
memory_usage_in_bytes: 1352638464
memory_max_usage_in_bytes: -2


CPU:total 8 (initial active 8) (4 cores per cpu, 2 threads per core) family 6 model 141 stepping 1, cmov, cx8, fxsr, mmx, sse, sse2, sse3, ssse3, sse4.1, sse4.2, popcnt, avx, avx2, aes, clmul, erms, 3dnowpref, lzcnt, ht, tsc, tscinvbit, bmi1, bmi2, adx

/proc/cpuinfo:
processor	: 0
vendor_id	: GenuineIntel
cpu family	: 6
model		: 141
model name	: 11th Gen Intel(R) Core(TM) i7-11800H @ 2.30GHz
stepping	: 1
microcode	: 0xffffffff
cpu MHz		: 3606.311
cache size	: 24576 KB
physical id	: 0
siblings	: 8
core id		: 0
cpu cores	: 4
apicid		: 0
initial apicid	: 0
fpu		: yes
fpu_exception	: yes
cpuid level	: 27
wp		: yes
flags		: fpu vme de pse tsc msr pae mce cx8 apic sep mtrr pge mca cmov pat pse36 clflush mmx fxsr sse sse2 ss ht syscall nx pdpe1gb rdtscp lm constant_tsc rep_good nopl xtopology tsc_reliable nonstop_tsc cpuid aperfmperf pni pclmulqdq ssse3 fma cx16 pcid sse4_1 sse4_2 movbe popcnt tsc_deadline_timer aes xsave avx f16c rdrand hypervisor lahf_lm abm 3dnowprefetch ssbd ibrs ibpb stibp ibrs_enhanced fsgsbase tsc_adjust bmi1 avx2 smep bmi2 erms invpcid avx512f avx512dq rdseed adx smap avx512ifma clflushopt clwb avx512cd sha_ni avx512bw avx512vl xsaveopt xsavec xgetbv1 xsaves user_shstk avx512vbmi umip avx512_vbmi2 gfni vaes vpclmulqdq avx512_vnni avx512_bitalg avx512_vpopcntdq rdpid movdiri movdir64b fsrm avx512_vp2intersect md_clear ibt flush_l1d arch_capabilities
bugs		: spectre_v1 spectre_v2 spec_store_bypass swapgs retbleed eibrs_pbrsb gds bhi
bogomips	: 4608.00
clflush size	: 64
cache_alignment	: 64
address sizes	: 39 bits physical, 48 bits virtual
power management:

processor	: 1
vendor_id	: GenuineIntel
cpu family	: 6
model		: 141
model name	: 11th Gen Intel(R) Core(TM) i7-11800H @ 2.30GHz
stepping	: 1
microcode	: 0xffffffff
cpu MHz		: 3579.792
cache size	: 24576 KB
physical id	: 0
siblings	: 8
core id		: 0
cpu cores	: 4
apicid		: 1
initial apicid	: 1
fpu		: yes
fpu_exception	: yes
cpuid level	: 27
wp		: yes
flags		: fpu vme de pse tsc msr pae mce cx8 apic sep mtrr pge mca cmov pat pse36 clflush mmx fxsr sse sse2 ss ht syscall nx pdpe1gb rdtscp lm constant_tsc rep_good nopl xtopology tsc_reliable nonstop_tsc cpuid aperfmperf pni pclmulqdq ssse3 fma cx16 pcid sse4_1 sse4_2 movbe popcnt tsc_deadline_timer aes xsave avx f16c rdrand hypervisor lahf_lm abm 3dnowprefetch ssbd ibrs ibpb stibp ibrs_enhanced fsgsbase tsc_adjust bmi1 avx2 smep bmi2 erms invpcid avx512f avx512dq rdseed adx smap avx512ifma clflushopt clwb avx512cd sha_ni avx512bw avx512vl xsaveopt xsavec xgetbv1 xsaves user_shstk avx512vbmi umip avx512_vbmi2 gfni vaes vpclmulqdq avx512_vnni avx512_bitalg avx512_vpopcntdq rdpid movdiri movdir64b fsrm avx512_vp2intersect md_clear ibt flush_l1d arch_capabilities
bugs		: spectre_v1 spectre_v2 spec_store_bypass swapgs retbleed eibrs_pbrsb gds bhi
bogomips	: 4608.00
clflush size	: 64
cache_alignment	: 64
address sizes	: 39 bits physical, 48 bits virtual
power management:

processor	: 2
vendor_id	: GenuineIntel
cpu family	: 6
model		: 141
model name	: 11th Gen Intel(R) Core(TM) i7-11800H @ 2.30GHz
stepping	: 1
microcode	: 0xffffffff
cpu MHz		: 3605.787
cache size	: 24576 KB
physical id	: 0
siblings	: 8
core id		: 1
cpu cores	: 4
apicid		: 2
initial apicid	: 2
fpu		: yes
fpu_exception	: yes
cpuid level	: 27
wp		: yes
flags		: fpu vme de pse tsc msr pae mce cx8 apic sep mtrr pge mca cmov pat pse36 clflush mmx fxsr sse sse2 ss ht syscall nx pdpe1gb rdtscp lm constant_tsc rep_good nopl xtopology tsc_reliable nonstop_tsc cpuid aperfmperf pni pclmulqdq ssse3 fma cx16 pcid sse4_1 sse4_2 movbe popcnt tsc_deadline_timer aes xsave avx f16c rdrand hypervisor lahf_lm abm 3dnowprefetch ssbd ibrs ibpb stibp ibrs_enhanced fsgsbase tsc_adjust bmi1 avx2 smep bmi2 erms invpcid avx512f avx512dq rdseed adx smap avx512ifma clflushopt clwb avx512cd sha_ni avx512bw avx512vl xsaveopt xsavec xgetbv1 xsaves user_shstk avx512vbmi umip avx512_vbmi2 gfni vaes vpclmulqdq avx512_vnni avx512_bitalg avx512_vpopcntdq rdpid movdiri movdir64b fsrm avx512_vp2intersect md_clear ibt flush_l1d arch_capabilities
bugs		: spectre_v1 spectre_v2 spec_store_bypass swapgs retbleed eibrs_pbrsb gds bhi
bogomips	: 4608.00
clflush size	: 64
cache_alignment	: 64
address sizes	: 39 bits physical, 48 bits virtual
power management:

processor	: 3
vendor_id	: GenuineIntel
cpu family	: 6
model		: 141
model name	: 11th Gen Intel(R) Core(TM) i7-11800H @ 2.30GHz
stepping	: 1
microcode	: 0xffffffff
cpu MHz		: 3604.041
cache size	: 24576 KB
physical id	: 0
siblings	: 8
core id		: 1
cpu cores	: 4
apicid		: 3
initial apicid	: 3
fpu		: yes
fpu_exception	: yes
cpuid level	: 27
wp		: yes
flags		: fpu vme de pse tsc msr pae mce cx8 apic sep mtrr pge mca cmov pat pse36 clflush mmx fxsr sse sse2 ss ht syscall nx pdpe1gb rdtscp lm constant_tsc rep_good nopl xtopology tsc_reliable nonstop_tsc cpuid aperfmperf pni pclmulqdq ssse3 fma cx16 pcid sse4_1 sse4_2 movbe popcnt tsc_deadline_timer aes xsave avx f16c rdrand hypervisor lahf_lm abm 3dnowprefetch ssbd ibrs ibpb stibp ibrs_enhanced fsgsbase tsc_adjust bmi1 avx2 smep bmi2 erms invpcid avx512f avx512dq rdseed adx smap avx512ifma clflushopt clwb avx512cd sha_ni avx512bw avx512vl xsaveopt xsavec xgetbv1 xsaves user_shstk avx512vbmi umip avx512_vbmi2 gfni vaes vpclmulqdq avx512_vnni avx512_bitalg avx512_vpopcntdq rdpid movdiri movdir64b fsrm avx512_vp2intersect md_clear ibt flush_l1d arch_capabilities
bugs		: spectre_v1 spectre_v2 spec_store_bypass swapgs retbleed eibrs_pbrsb gds bhi
bogomips	: 4608.00
clflush size	: 64
cache_alignment	: 64
address sizes	: 39 bits physical, 48 bits virtual
power management:

processor	: 4
vendor_id	: GenuineIntel
cpu family	: 6
model		: 141
model name	: 11th Gen Intel(R) Core(TM) i7-11800H @ 2.30GHz
stepping	: 1
microcode	: 0xffffffff
cpu MHz		: 3761.734
cache size	: 24576 KB
physical id	: 0
siblings	: 8
core id		: 2
cpu cores	: 4
apicid		: 4
initial apicid	: 4
fpu		: yes
fpu_exception	: yes
cpuid level	: 27
wp		: yes
flags		: fpu vme de pse tsc msr pae mce cx8 apic sep mtrr pge mca cmov pat pse36 clflush mmx fxsr sse sse2 ss ht syscall nx pdpe1gb rdtscp lm constant_tsc rep_good nopl xtopology tsc_reliable nonstop_tsc cpuid aperfmperf pni pclmulqdq ssse3 fma cx16 pcid sse4_1 sse4_2 movbe popcnt tsc_deadline_timer aes xsave avx f16c rdrand hypervisor lahf_lm abm 3dnowprefetch ssbd ibrs ibpb stibp ibrs_enhanced fsgsbase tsc_adjust bmi1 avx2 smep bmi2 erms invpcid avx512f avx512dq rdseed adx smap avx512ifma clflushopt clwb avx512cd sha_ni avx512bw avx512vl xsaveopt xsavec xgetbv1 xsaves user_shstk avx512vbmi umip avx512_vbmi2 gfni vaes vpclmulqdq avx512_vnni avx512_bitalg avx512_vpopcntdq rdpid movdiri movdir64b fsrm avx512_vp2intersect md_clear ibt flush_l1d arch_capabilities
bugs		: spectre_v1 spectre_v2 spec_store_bypass swapgs retbleed eibrs_pbrsb gds bhi
bogomips	: 4608.00
clflush size	: 64
cache_alignment	: 64
address sizes	: 39 bits physical, 48 bits virtual
power management:

processor	: 5
vendor_id	: GenuineIntel
cpu family	: 6
model		: 141
model name	: 11th Gen Intel(R) Core(TM) i7-11800H @ 2.30GHz
stepping	: 1
microcode	: 0xffffffff
cpu MHz		: 3468.472
cache size	: 24576 KB
physical id	: 0
siblings	: 8
core id		: 2
cpu cores	: 4
apicid		: 5
initial apicid	: 5
fpu		: yes
fpu_exception	: yes
cpuid level	: 27
wp		: yes
flags		: fpu vme de pse tsc msr pae mce cx8 apic sep mtrr pge mca cmov pat pse36 clflush mmx fxsr sse sse2 ss ht syscall nx pdpe1gb rdtscp lm constant_tsc rep_good nopl xtopology tsc_reliable nonstop_tsc cpuid aperfmperf pni pclmulqdq ssse3 fma cx16 pcid sse4_1 sse4_2 movbe popcnt tsc_deadline_timer aes xsave avx f16c rdrand hypervisor lahf_lm abm 3dnowprefetch ssbd ibrs ibpb stibp ibrs_enhanced fsgsbase tsc_adjust bmi1 avx2 smep bmi2 erms invpcid avx512f avx512dq rdseed adx smap avx512ifma clflushopt clwb avx512cd sha_ni avx512bw avx512vl xsaveopt xsavec xgetbv1 xsaves user_shstk avx512vbmi umip avx512_vbmi2 gfni vaes vpclmulqdq avx512_vnni avx512_bitalg avx512_vpopcntdq rdpid movdiri movdir64b fsrm avx512_vp2intersect md_clear ibt flush_l1d arch_capabilities
bugs		: spectre_v1 spectre_v2 spec_store_bypass swapgs retbleed eibrs_pbrsb gds bhi
bogomips	: 4608.00
clflush size	: 64
cache_alignment	: 64
address sizes	: 39 bits physical, 48 bits virtual
power management:

processor	: 6
vendor_id	: GenuineIntel
cpu family	: 6
model		: 141
model name	: 11th Gen Intel(R) Core(TM) i7-11800H @ 2.30GHz
stepping	: 1
microcode	: 0xffffffff
cpu MHz		: 3570.547
cache size	: 24576 KB
physical id	: 0
siblings	: 8
core id		: 3
cpu cores	: 4
apicid		: 6
initial apicid	: 6
fpu		: yes
fpu_exception	: yes
cpuid level	: 27
wp		: yes
flags		: fpu vme de pse tsc msr pae mce cx8 apic sep mtrr pge mca cmov pat pse36 clflush mmx fxsr sse sse2 ss ht syscall nx pdpe1gb rdtscp lm constant_tsc rep_good nopl xtopology tsc_reliable nonstop_tsc cpuid aperfmperf pni pclmulqdq ssse3 fma cx16 pcid sse4_1 sse4_2 movbe popcnt tsc_deadline_timer aes xsave avx f16c rdrand hypervisor lahf_lm abm 3dnowprefetch ssbd ibrs ibpb stibp ibrs_enhanced fsgsbase tsc_adjust bmi1 avx2 smep bmi2 erms invpcid avx512f avx512dq rdseed adx smap avx512ifma clflushopt clwb avx512cd sha_ni avx512bw avx512vl xsaveopt xsavec xgetbv1 xsaves user_shstk avx512vbmi umip avx512_vbmi2 gfni vaes vpclmulqdq avx512_vnni avx512_bitalg avx512_vpopcntdq rdpid movdiri movdir64b fsrm avx512_vp2intersect md_clear ibt flush_l1d arch_capabilities
bugs		: spectre_v1 spectre_v2 spec_store_bypass swapgs retbleed eibrs_pbrsb gds bhi
bogomips	: 4608.00
clflush size	: 64
cache_alignment	: 64
address sizes	: 39 bits physical, 48 bits virtual
power management:

processor	: 7
vendor_id	: GenuineIntel
cpu family	: 6
model		: 141
model name	: 11th Gen Intel(R) Core(TM) i7-11800H @ 2.30GHz
stepping	: 1
microcode	: 0xffffffff
cpu MHz		: 3818.016
cache size	: 24576 KB
physical id	: 0
siblings	: 8
core id		: 3
cpu cores	: 4
apicid		: 7
initial apicid	: 7
fpu		: yes
fpu_exception	: yes
cpuid level	: 27
wp		: yes
flags		: fpu vme de pse tsc msr pae mce cx8 apic sep mtrr pge mca cmov pat pse36 clflush mmx fxsr sse sse2 ss ht syscall nx pdpe1gb rdtscp lm constant_tsc rep_good nopl xtopology tsc_reliable nonstop_tsc cpuid aperfmperf pni pclmulqdq ssse3 fma cx16 pcid sse4_1 sse4_2 movbe popcnt tsc_deadline_timer aes xsave avx f16c rdrand hypervisor lahf_lm abm 3dnowprefetch ssbd ibrs ibpb stibp ibrs_enhanced fsgsbase tsc_adjust bmi1 avx2 smep bmi2 erms invpcid avx512f avx512dq rdseed adx smap avx512ifma clflushopt clwb avx512cd sha_ni avx512bw avx512vl xsaveopt xsavec xgetbv1 xsaves user_shstk avx512vbmi umip avx512_vbmi2 gfni vaes vpclmulqdq avx512_vnni avx512_bitalg avx512_vpopcntdq rdpid movdiri movdir64b fsrm avx512_vp2intersect md_clear ibt flush_l1d arch_capabilities
bugs		: spectre_v1 spectre_v2 spec_store_bypass swapgs retbleed eibrs_pbrsb gds bhi
bogomips	: 4608.00
clflush size	: 64
cache_alignment	: 64
address sizes	: 39 bits physical, 48 bits virtual
power management:



Memory: 4k page, physical 5118512k(169988k free), swap 4194300k(48k free)

vm_info: OpenJDK 64-Bit Server VM (25.432-bga) for linux-amd64 JRE (1.8.0_432-8u432-ga~us1-0ubuntu2~24.04-ga), built on Oct 30 2024 14:19:39 by "buildd" with gcc 13.2.0

time: Thu Nov 21 14:59:17 2024
timezone: +07
elapsed time: 0.009387 seconds (0d 0h 0m 0s)

